<?xml version="1.0" encoding="UTF-8"?>
<testng-results ignored="0" total="1" passed="1" failed="0" skipped="0">
  <reporter-output>
  </reporter-output>
  <suite started-at="2022-11-15T19:54:11 CST" name="Surefire suite" finished-at="2022-11-15T19:54:26 CST" duration-ms="15434">
    <groups>
      <group name="cucumber">
        <method signature="AbstractTestNGCucumberTests.feature(cucumber.api.testng.CucumberFeatureWrapper)[pri:0, instance:com.TestRunnerDB.qa.TestRunnerClassDB@515c6049]" name="feature" class="cucumber.api.testng.AbstractTestNGCucumberTests"/>
      </group> <!-- cucumber -->
    </groups>
    <test started-at="2022-11-15T19:54:11 CST" name="Surefire test" finished-at="2022-11-15T19:54:26 CST" duration-ms="15434">
      <class name="com.TestRunnerDB.qa.TestRunnerClassDB">
        <test-method is-config="true" signature="startURL()[pri:0, instance:com.TestRunnerDB.qa.TestRunnerClassDB@515c6049]" started-at="2022-11-15T19:54:11 CST" name="startURL" finished-at="2022-11-15T19:54:13 CST" duration-ms="2382" status="PASS">
          <reporter-output>
          </reporter-output>
        </test-method> <!-- startURL -->
        <test-method is-config="true" signature="setUpClass()[pri:0, instance:com.TestRunnerDB.qa.TestRunnerClassDB@515c6049]" started-at="2022-11-15T19:54:13 CST" name="setUpClass" finished-at="2022-11-15T19:54:13 CST" duration-ms="163" status="PASS">
          <reporter-output>
          </reporter-output>
        </test-method> <!-- setUpClass -->
        <test-method signature="feature(cucumber.api.testng.CucumberFeatureWrapper)[pri:0, instance:com.TestRunnerDB.qa.TestRunnerClassDB@515c6049]" started-at="2022-11-15T19:54:13 CST" name="feature" description="Runs Cucumber Feature" data-provider="features" finished-at="2022-11-15T19:54:25 CST" duration-ms="12134" status="PASS">
          <params>
            <param index="0">
              <value>
                <![CDATA[This is Demoblaze Login Functionalities]]>
              </value>
            </param>
          </params>
          <reporter-output>
          </reporter-output>
        </test-method> <!-- feature -->
        <test-method is-config="true" signature="tearDownClass()[pri:0, instance:com.TestRunnerDB.qa.TestRunnerClassDB@515c6049]" started-at="2022-11-15T19:54:25 CST" name="tearDownClass" finished-at="2022-11-15T19:54:25 CST" duration-ms="12" status="PASS">
          <reporter-output>
          </reporter-output>
        </test-method> <!-- tearDownClass -->
        <test-method is-config="true" signature="closeURL()[pri:0, instance:com.TestRunnerDB.qa.TestRunnerClassDB@515c6049]" started-at="2022-11-15T19:54:25 CST" name="closeURL" finished-at="2022-11-15T19:54:26 CST" duration-ms="655" status="PASS">
          <reporter-output>
          </reporter-output>
        </test-method> <!-- closeURL -->
      </class> <!-- com.TestRunnerDB.qa.TestRunnerClassDB -->
    </test> <!-- Surefire test -->
  </suite> <!-- Surefire suite -->
</testng-results>
